INFO 2025-11-14 00:39:49,333 autoreload 7828 68 Watching for file changes with StatReloader
INFO 2025-11-14 00:40:53,577 autoreload 7828 68 C:\Users\fbc\Desktop\AI Orchestration Platform\backend\ai_platform\settings.py changed, reloading.
INFO 2025-11-14 00:40:57,314 autoreload 6548 8100 Watching for file changes with StatReloader
INFO 2025-11-14 00:41:18,238 autoreload 6548 8100 C:\Users\fbc\Desktop\AI Orchestration Platform\backend\ai_platform\settings.py changed, reloading.
INFO 2025-11-14 00:41:21,108 autoreload 10572 9568 Watching for file changes with StatReloader
INFO 2025-11-14 00:41:33,929 autoreload 10572 9568 C:\Users\fbc\Desktop\AI Orchestration Platform\backend\ai_platform\settings.py changed, reloading.
INFO 2025-11-14 00:41:35,726 autoreload 10104 7092 Watching for file changes with StatReloader
INFO 2025-11-14 00:45:40,146 autoreload 10324 1916 Watching for file changes with StatReloader
INFO 2025-11-14 00:57:34,372 autoreload 7652 980 Watching for file changes with StatReloader
INFO 2025-11-14 01:12:41,641 autoreload 9704 3944 Watching for file changes with StatReloader
INFO 2025-11-14 01:14:46,842 autoreload 5032 5188 Watching for file changes with StatReloader
INFO 2025-11-14 01:29:14,387 autoreload 5032 5188 C:\Users\fbc\Desktop\AI Orchestration Platform\backend\core\models.py changed, reloading.
INFO 2025-11-14 01:29:17,547 autoreload 1868 12956 Watching for file changes with StatReloader
INFO 2025-11-14 01:29:20,191 autoreload 1868 12956 C:\Users\fbc\Desktop\AI Orchestration Platform\backend\core\models.py changed, reloading.
INFO 2025-11-14 01:29:22,412 autoreload 2740 8868 Watching for file changes with StatReloader
INFO 2025-11-14 01:29:27,540 autoreload 2740 8868 C:\Users\fbc\Desktop\AI Orchestration Platform\backend\core\models.py changed, reloading.
INFO 2025-11-14 01:29:29,770 autoreload 6032 11484 Watching for file changes with StatReloader
INFO 2025-11-14 01:29:37,184 autoreload 6032 11484 C:\Users\fbc\Desktop\AI Orchestration Platform\backend\core\models.py changed, reloading.
INFO 2025-11-14 01:29:39,271 autoreload 2776 12044 Watching for file changes with StatReloader
INFO 2025-11-14 01:29:46,831 autoreload 2776 12044 C:\Users\fbc\Desktop\AI Orchestration Platform\backend\core\serializers.py changed, reloading.
INFO 2025-11-14 01:29:49,154 autoreload 5156 11216 Watching for file changes with StatReloader
INFO 2025-11-14 01:29:51,358 autoreload 5156 11216 C:\Users\fbc\Desktop\AI Orchestration Platform\backend\core\serializers.py changed, reloading.
INFO 2025-11-14 01:29:53,796 autoreload 7048 8304 Watching for file changes with StatReloader
INFO 2025-11-14 01:29:56,047 autoreload 7048 8304 C:\Users\fbc\Desktop\AI Orchestration Platform\backend\core\serializers.py changed, reloading.
INFO 2025-11-14 01:29:58,368 autoreload 12768 7380 Watching for file changes with StatReloader
INFO 2025-11-14 01:30:00,652 autoreload 12768 7380 C:\Users\fbc\Desktop\AI Orchestration Platform\backend\core\serializers.py changed, reloading.
INFO 2025-11-14 01:30:03,547 autoreload 4084 1828 Watching for file changes with StatReloader
INFO 2025-11-14 01:30:12,948 autoreload 4084 1828 C:\Users\fbc\Desktop\AI Orchestration Platform\backend\core\views.py changed, reloading.
INFO 2025-11-14 01:30:17,128 autoreload 9832 11100 Watching for file changes with StatReloader
INFO 2025-11-14 01:30:23,569 autoreload 9832 11100 C:\Users\fbc\Desktop\AI Orchestration Platform\backend\core\views.py changed, reloading.
INFO 2025-11-14 01:30:27,185 autoreload 8776 4448 Watching for file changes with StatReloader
INFO 2025-11-14 01:30:31,711 autoreload 8776 4448 C:\Users\fbc\Desktop\AI Orchestration Platform\backend\ai_platform\urls.py changed, reloading.
INFO 2025-11-14 01:30:34,803 autoreload 8068 5028 Watching for file changes with StatReloader
INFO 2025-11-14 01:30:37,459 autoreload 8068 5028 C:\Users\fbc\Desktop\AI Orchestration Platform\backend\ai_platform\urls.py changed, reloading.
INFO 2025-11-14 01:30:41,553 autoreload 2972 2388 Watching for file changes with StatReloader
INFO 2025-11-14 01:30:51,863 autoreload 2972 2388 C:\Users\fbc\Desktop\AI Orchestration Platform\backend\core\tasks.py changed, reloading.
INFO 2025-11-14 01:30:55,007 autoreload 8856 10364 Watching for file changes with StatReloader
INFO 2025-11-14 01:30:58,070 autoreload 8856 10364 C:\Users\fbc\Desktop\AI Orchestration Platform\backend\core\tasks.py changed, reloading.
INFO 2025-11-14 01:31:02,770 autoreload 1164 1212 Watching for file changes with StatReloader
INFO 2025-11-14 01:31:47,092 autoreload 1164 1212 C:\Users\fbc\Desktop\AI Orchestration Platform\backend\core\tasks.py changed, reloading.
INFO 2025-11-14 01:31:50,594 autoreload 1372 552 Watching for file changes with StatReloader
INFO 2025-11-14 01:31:54,980 autoreload 1372 552 C:\Users\fbc\Desktop\AI Orchestration Platform\backend\core\tasks.py changed, reloading.
INFO 2025-11-14 01:31:58,333 autoreload 3468 9696 Watching for file changes with StatReloader
INFO 2025-11-14 01:32:02,396 autoreload 3468 9696 C:\Users\fbc\Desktop\AI Orchestration Platform\backend\core\admin.py changed, reloading.
INFO 2025-11-14 01:32:05,281 autoreload 5732 2468 Watching for file changes with StatReloader
INFO 2025-11-14 01:32:24,583 autoreload 5732 2468 C:\Users\fbc\Desktop\AI Orchestration Platform\backend\core\admin.py changed, reloading.
INFO 2025-11-14 01:32:26,907 autoreload 8880 6696 Watching for file changes with StatReloader
INFO 2025-11-14 01:34:53,833 autoreload 8880 6696 C:\Users\fbc\Desktop\AI Orchestration Platform\backend\ai_platform\urls.py changed, reloading.
INFO 2025-11-14 01:34:57,923 autoreload 8872 8300 Watching for file changes with StatReloader
INFO 2025-11-14 01:38:02,907 autoreload 8872 8300 C:\Users\fbc\Desktop\AI Orchestration Platform\backend\core\admin.py changed, reloading.
INFO 2025-11-14 01:38:07,390 autoreload 11852 5372 Watching for file changes with StatReloader
INFO 2025-11-14 01:49:04,044 basehttp 11852 4600 "OPTIONS /api/test/ HTTP/1.1" 301 0
INFO 2025-11-14 01:55:44,831 autoreload 11852 5372 C:\Users\fbc\Desktop\AI Orchestration Platform\backend\ai_platform\urls.py changed, reloading.
INFO 2025-11-14 01:55:52,417 autoreload 1600 9408 Watching for file changes with StatReloader
INFO 2025-11-14 01:59:49,144 autoreload 1600 9408 C:\Users\fbc\Desktop\AI Orchestration Platform\backend\ai_platform\urls.py changed, reloading.
INFO 2025-11-14 01:59:51,160 autoreload 12796 11948 Watching for file changes with StatReloader
INFO 2025-11-14 02:05:44,626 autoreload 2724 10576 Watching for file changes with StatReloader
INFO 2025-11-14 02:06:00,787 basehttp 12796 1600 "OPTIONS /api/test/ HTTP/1.1" 301 0
INFO 2025-11-14 02:34:43,915 basehttp 12796 12768 "OPTIONS /api/test/ HTTP/1.1" 301 0
INFO 2025-11-14 02:35:54,581 autoreload 9560 6244 Watching for file changes with StatReloader
INFO 2025-11-14 02:36:09,413 basehttp 9560 11120 "OPTIONS /api/test/ HTTP/1.1" 301 0
INFO 2025-11-14 02:39:50,813 basehttp 9560 12952 "OPTIONS /api/test/ HTTP/1.1" 301 0
INFO 2025-11-14 02:44:23,020 basehttp 9560 3604 "OPTIONS /api/test/ HTTP/1.1" 301 0
INFO 2025-11-14 02:46:48,020 basehttp 9560 9980 "OPTIONS /api/token/ HTTP/1.1" 301 0
INFO 2025-11-14 02:47:07,462 basehttp 9560 7324 "OPTIONS /api/token/ HTTP/1.1" 301 0
INFO 2025-11-14 02:47:10,057 basehttp 9560 1612 "OPTIONS /api/token/ HTTP/1.1" 301 0
INFO 2025-11-14 02:47:10,904 basehttp 9560 7920 "OPTIONS /api/token/ HTTP/1.1" 301 0
INFO 2025-11-14 02:54:18,114 autoreload 9560 6244 C:\Users\fbc\Desktop\AI Orchestration Platform\backend\ai_platform\settings.py changed, reloading.
INFO 2025-11-14 02:54:20,965 autoreload 4588 6432 Watching for file changes with StatReloader
INFO 2025-11-14 02:55:50,238 autoreload 4588 6432 C:\Users\fbc\Desktop\AI Orchestration Platform\backend\ai_platform\settings.py changed, reloading.
INFO 2025-11-14 02:55:53,497 autoreload 11624 12640 Watching for file changes with StatReloader
INFO 2025-11-14 02:56:04,062 basehttp 11624 8992 "OPTIONS /api/token/ HTTP/1.1" 301 0
INFO 2025-11-14 02:56:04,780 basehttp 11624 11256 "OPTIONS /api/token/ HTTP/1.1" 301 0
INFO 2025-11-14 02:56:05,038 basehttp 11624 8332 "OPTIONS /api/token/ HTTP/1.1" 301 0
INFO 2025-11-14 02:56:30,556 basehttp 11624 1472 "OPTIONS /api/token/ HTTP/1.1" 301 0
INFO 2025-11-14 02:57:16,136 autoreload 11776 980 Watching for file changes with StatReloader
INFO 2025-11-14 02:57:39,751 basehttp 11776 4560 "OPTIONS /api/token/ HTTP/1.1" 301 0
INFO 2025-11-14 02:57:54,181 basehttp 11776 7684 "OPTIONS /api/token/ HTTP/1.1" 301 0
INFO 2025-11-14 02:58:00,704 basehttp 11776 12068 "OPTIONS /api/token/ HTTP/1.1" 301 0
INFO 2025-11-14 02:58:01,312 basehttp 11776 11464 "OPTIONS /api/token/ HTTP/1.1" 301 0
INFO 2025-11-14 02:58:01,505 basehttp 11776 5260 "OPTIONS /api/token/ HTTP/1.1" 301 0
INFO 2025-11-14 02:58:01,675 basehttp 11776 8452 "OPTIONS /api/token/ HTTP/1.1" 301 0
INFO 2025-11-14 02:58:01,818 basehttp 11776 10420 "OPTIONS /api/token/ HTTP/1.1" 301 0
INFO 2025-11-14 02:58:01,962 basehttp 11776 11452 "OPTIONS /api/token/ HTTP/1.1" 301 0
INFO 2025-11-14 02:58:02,099 basehttp 11776 12872 "OPTIONS /api/token/ HTTP/1.1" 301 0
INFO 2025-11-14 03:00:48,667 autoreload 2276 304 Watching for file changes with StatReloader
INFO 2025-11-14 03:01:32,466 basehttp 2276 3444 "OPTIONS /api/token/ HTTP/1.1" 301 0
INFO 2025-11-14 03:02:37,902 autoreload 2276 304 C:\Users\fbc\Desktop\AI Orchestration Platform\backend\ai_platform\settings.py changed, reloading.
INFO 2025-11-14 03:02:40,440 autoreload 6764 10576 Watching for file changes with StatReloader
INFO 2025-11-14 03:02:48,789 autoreload 6764 10576 C:\Users\fbc\Desktop\AI Orchestration Platform\backend\ai_platform\settings.py changed, reloading.
INFO 2025-11-14 03:02:51,330 autoreload 4392 10312 Watching for file changes with StatReloader
INFO 2025-11-14 03:03:37,343 autoreload 4392 10312 C:\Users\fbc\Desktop\AI Orchestration Platform\backend\ai_platform\settings.py changed, reloading.
INFO 2025-11-14 03:03:39,776 autoreload 12400 3508 Watching for file changes with StatReloader
INFO 2025-11-14 03:04:04,231 autoreload 12400 3508 C:\Users\fbc\Desktop\AI Orchestration Platform\backend\ai_platform\settings.py changed, reloading.
INFO 2025-11-14 03:04:06,868 autoreload 9560 2372 Watching for file changes with StatReloader
INFO 2025-11-14 03:04:32,456 autoreload 9560 2372 C:\Users\fbc\Desktop\AI Orchestration Platform\backend\ai_platform\settings.py changed, reloading.
INFO 2025-11-14 03:04:35,219 autoreload 9268 11956 Watching for file changes with StatReloader
INFO 2025-11-14 03:04:54,678 autoreload 9268 11956 C:\Users\fbc\Desktop\AI Orchestration Platform\backend\ai_platform\settings.py changed, reloading.
INFO 2025-11-14 03:04:57,263 autoreload 10716 1484 Watching for file changes with StatReloader
INFO 2025-11-14 03:05:27,468 autoreload 10716 1484 C:\Users\fbc\Desktop\AI Orchestration Platform\backend\ai_platform\settings.py changed, reloading.
INFO 2025-11-14 03:05:29,665 autoreload 9836 10272 Watching for file changes with StatReloader
INFO 2025-11-14 03:05:50,098 autoreload 3320 12872 Watching for file changes with StatReloader
INFO 2025-11-14 03:06:24,246 basehttp 9836 5408 "OPTIONS /api/token/ HTTP/1.1" 200 0
ERROR 2025-11-14 03:06:24,723 log 9836 5408 Internal Server Error: /api/token/
Traceback (most recent call last):
  File "C:\Users\fbc\Desktop\AI Orchestration Platform\backend\venv\Lib\site-packages\redis\connection.py", line 2594, in get_connection
    connection = self._available_connections.pop()
IndexError: pop from empty list

During handling of the above exception, another exception occurred:

Traceback (most recent call last):
  File "C:\Users\fbc\Desktop\AI Orchestration Platform\backend\venv\Lib\site-packages\django\core\handlers\exception.py", line 55, in inner
    response = get_response(request)
  File "C:\Users\fbc\Desktop\AI Orchestration Platform\backend\venv\Lib\site-packages\django\core\handlers\base.py", line 197, in _get_response
    response = wrapped_callback(request, *callback_args, **callback_kwargs)
  File "C:\Users\fbc\Desktop\AI Orchestration Platform\backend\venv\Lib\site-packages\django\views\decorators\csrf.py", line 65, in _view_wrapper
    return view_func(request, *args, **kwargs)
  File "C:\Users\fbc\Desktop\AI Orchestration Platform\backend\venv\Lib\site-packages\django\views\generic\base.py", line 105, in view
    return self.dispatch(request, *args, **kwargs)
           ~~~~~~~~~~~~~^^^^^^^^^^^^^^^^^^^^^^^^^^
  File "C:\Users\fbc\Desktop\AI Orchestration Platform\backend\venv\Lib\site-packages\rest_framework\views.py", line 515, in dispatch
    response = self.handle_exception(exc)
  File "C:\Users\fbc\Desktop\AI Orchestration Platform\backend\venv\Lib\site-packages\rest_framework\views.py", line 475, in handle_exception
    self.raise_uncaught_exception(exc)
    ~~~~~~~~~~~~~~~~~~~~~~~~~~~~~^^^^^
  File "C:\Users\fbc\Desktop\AI Orchestration Platform\backend\venv\Lib\site-packages\rest_framework\views.py", line 486, in raise_uncaught_exception
    raise exc
  File "C:\Users\fbc\Desktop\AI Orchestration Platform\backend\venv\Lib\site-packages\rest_framework\views.py", line 503, in dispatch
    self.initial(request, *args, **kwargs)
    ~~~~~~~~~~~~^^^^^^^^^^^^^^^^^^^^^^^^^^
  File "C:\Users\fbc\Desktop\AI Orchestration Platform\backend\venv\Lib\site-packages\rest_framework\views.py", line 422, in initial
    self.check_throttles(request)
    ~~~~~~~~~~~~~~~~~~~~^^^^^^^^^
  File "C:\Users\fbc\Desktop\AI Orchestration Platform\backend\venv\Lib\site-packages\rest_framework\views.py", line 365, in check_throttles
    if not throttle.allow_request(request, self):
           ~~~~~~~~~~~~~~~~~~~~~~^^^^^^^^^^^^^^^
  File "C:\Users\fbc\Desktop\AI Orchestration Platform\backend\venv\Lib\site-packages\rest_framework\throttling.py", line 123, in allow_request
    self.history = self.cache.get(self.key, [])
                   ~~~~~~~~~~~~~~^^^^^^^^^^^^^^
  File "C:\Users\fbc\Desktop\AI Orchestration Platform\backend\venv\Lib\site-packages\django\core\cache\backends\redis.py", line 188, in get
    return self._cache.get(key, default)
           ~~~~~~~~~~~~~~~^^^^^^^^^^^^^^
  File "C:\Users\fbc\Desktop\AI Orchestration Platform\backend\venv\Lib\site-packages\django\core\cache\backends\redis.py", line 100, in get
    value = client.get(key)
  File "C:\Users\fbc\Desktop\AI Orchestration Platform\backend\venv\Lib\site-packages\redis\commands\core.py", line 1834, in get
    return self.execute_command("GET", name, keys=[name])
           ~~~~~~~~~~~~~~~~~~~~^^^^^^^^^^^^^^^^^^^^^^^^^^
  File "C:\Users\fbc\Desktop\AI Orchestration Platform\backend\venv\Lib\site-packages\redis\client.py", line 657, in execute_command
    return self._execute_command(*args, **options)
           ~~~~~~~~~~~~~~~~~~~~~^^^^^^^^^^^^^^^^^^
  File "C:\Users\fbc\Desktop\AI Orchestration Platform\backend\venv\Lib\site-packages\redis\client.py", line 663, in _execute_command
    conn = self.connection or pool.get_connection()
                              ~~~~~~~~~~~~~~~~~~~^^
  File "C:\Users\fbc\Desktop\AI Orchestration Platform\backend\venv\Lib\site-packages\redis\utils.py", line 196, in wrapper
    return func(*args, **kwargs)
  File "C:\Users\fbc\Desktop\AI Orchestration Platform\backend\venv\Lib\site-packages\redis\connection.py", line 2596, in get_connection
    connection = self.make_connection()
  File "C:\Users\fbc\Desktop\AI Orchestration Platform\backend\venv\Lib\site-packages\redis\connection.py", line 2646, in make_connection
    return self.connection_class(**kwargs)
           ~~~~~~~~~~~~~~~~~~~~~^^^^^^^^^^
  File "C:\Users\fbc\Desktop\AI Orchestration Platform\backend\venv\Lib\site-packages\redis\connection.py", line 1255, in __init__
    super().__init__(**kwargs)
    ~~~~~~~~~~~~~~~~^^^^^^^^^^
TypeError: AbstractConnection.__init__() got an unexpected keyword argument 'CLIENT_CLASS'
ERROR 2025-11-14 03:06:24,738 basehttp 9836 5408 "POST /api/token/ HTTP/1.1" 500 164246
ERROR 2025-11-14 03:06:36,033 log 9836 11744 Internal Server Error: /api/token/
Traceback (most recent call last):
  File "C:\Users\fbc\Desktop\AI Orchestration Platform\backend\venv\Lib\site-packages\redis\connection.py", line 2594, in get_connection
    connection = self._available_connections.pop()
IndexError: pop from empty list

During handling of the above exception, another exception occurred:

Traceback (most recent call last):
  File "C:\Users\fbc\Desktop\AI Orchestration Platform\backend\venv\Lib\site-packages\django\core\handlers\exception.py", line 55, in inner
    response = get_response(request)
  File "C:\Users\fbc\Desktop\AI Orchestration Platform\backend\venv\Lib\site-packages\django\core\handlers\base.py", line 197, in _get_response
    response = wrapped_callback(request, *callback_args, **callback_kwargs)
  File "C:\Users\fbc\Desktop\AI Orchestration Platform\backend\venv\Lib\site-packages\django\views\decorators\csrf.py", line 65, in _view_wrapper
    return view_func(request, *args, **kwargs)
  File "C:\Users\fbc\Desktop\AI Orchestration Platform\backend\venv\Lib\site-packages\django\views\generic\base.py", line 105, in view
    return self.dispatch(request, *args, **kwargs)
           ~~~~~~~~~~~~~^^^^^^^^^^^^^^^^^^^^^^^^^^
  File "C:\Users\fbc\Desktop\AI Orchestration Platform\backend\venv\Lib\site-packages\rest_framework\views.py", line 515, in dispatch
    response = self.handle_exception(exc)
  File "C:\Users\fbc\Desktop\AI Orchestration Platform\backend\venv\Lib\site-packages\rest_framework\views.py", line 475, in handle_exception
    self.raise_uncaught_exception(exc)
    ~~~~~~~~~~~~~~~~~~~~~~~~~~~~~^^^^^
  File "C:\Users\fbc\Desktop\AI Orchestration Platform\backend\venv\Lib\site-packages\rest_framework\views.py", line 486, in raise_uncaught_exception
    raise exc
  File "C:\Users\fbc\Desktop\AI Orchestration Platform\backend\venv\Lib\site-packages\rest_framework\views.py", line 503, in dispatch
    self.initial(request, *args, **kwargs)
    ~~~~~~~~~~~~^^^^^^^^^^^^^^^^^^^^^^^^^^
  File "C:\Users\fbc\Desktop\AI Orchestration Platform\backend\venv\Lib\site-packages\rest_framework\views.py", line 422, in initial
    self.check_throttles(request)
    ~~~~~~~~~~~~~~~~~~~~^^^^^^^^^
  File "C:\Users\fbc\Desktop\AI Orchestration Platform\backend\venv\Lib\site-packages\rest_framework\views.py", line 365, in check_throttles
    if not throttle.allow_request(request, self):
           ~~~~~~~~~~~~~~~~~~~~~~^^^^^^^^^^^^^^^
  File "C:\Users\fbc\Desktop\AI Orchestration Platform\backend\venv\Lib\site-packages\rest_framework\throttling.py", line 123, in allow_request
    self.history = self.cache.get(self.key, [])
                   ~~~~~~~~~~~~~~^^^^^^^^^^^^^^
  File "C:\Users\fbc\Desktop\AI Orchestration Platform\backend\venv\Lib\site-packages\django\core\cache\backends\redis.py", line 188, in get
    return self._cache.get(key, default)
           ~~~~~~~~~~~~~~~^^^^^^^^^^^^^^
  File "C:\Users\fbc\Desktop\AI Orchestration Platform\backend\venv\Lib\site-packages\django\core\cache\backends\redis.py", line 100, in get
    value = client.get(key)
  File "C:\Users\fbc\Desktop\AI Orchestration Platform\backend\venv\Lib\site-packages\redis\commands\core.py", line 1834, in get
    return self.execute_command("GET", name, keys=[name])
           ~~~~~~~~~~~~~~~~~~~~^^^^^^^^^^^^^^^^^^^^^^^^^^
  File "C:\Users\fbc\Desktop\AI Orchestration Platform\backend\venv\Lib\site-packages\redis\client.py", line 657, in execute_command
    return self._execute_command(*args, **options)
           ~~~~~~~~~~~~~~~~~~~~~^^^^^^^^^^^^^^^^^^
  File "C:\Users\fbc\Desktop\AI Orchestration Platform\backend\venv\Lib\site-packages\redis\client.py", line 663, in _execute_command
    conn = self.connection or pool.get_connection()
                              ~~~~~~~~~~~~~~~~~~~^^
  File "C:\Users\fbc\Desktop\AI Orchestration Platform\backend\venv\Lib\site-packages\redis\utils.py", line 196, in wrapper
    return func(*args, **kwargs)
  File "C:\Users\fbc\Desktop\AI Orchestration Platform\backend\venv\Lib\site-packages\redis\connection.py", line 2596, in get_connection
    connection = self.make_connection()
  File "C:\Users\fbc\Desktop\AI Orchestration Platform\backend\venv\Lib\site-packages\redis\connection.py", line 2646, in make_connection
    return self.connection_class(**kwargs)
           ~~~~~~~~~~~~~~~~~~~~~^^^^^^^^^^
  File "C:\Users\fbc\Desktop\AI Orchestration Platform\backend\venv\Lib\site-packages\redis\connection.py", line 1255, in __init__
    super().__init__(**kwargs)
    ~~~~~~~~~~~~~~~~^^^^^^^^^^
TypeError: AbstractConnection.__init__() got an unexpected keyword argument 'CLIENT_CLASS'
ERROR 2025-11-14 03:06:36,038 basehttp 9836 11744 "POST /api/token/ HTTP/1.1" 500 164246
ERROR 2025-11-14 03:06:37,024 log 9836 11744 Internal Server Error: /api/token/
Traceback (most recent call last):
  File "C:\Users\fbc\Desktop\AI Orchestration Platform\backend\venv\Lib\site-packages\redis\connection.py", line 2594, in get_connection
    connection = self._available_connections.pop()
IndexError: pop from empty list

During handling of the above exception, another exception occurred:

Traceback (most recent call last):
  File "C:\Users\fbc\Desktop\AI Orchestration Platform\backend\venv\Lib\site-packages\django\core\handlers\exception.py", line 55, in inner
    response = get_response(request)
  File "C:\Users\fbc\Desktop\AI Orchestration Platform\backend\venv\Lib\site-packages\django\core\handlers\base.py", line 197, in _get_response
    response = wrapped_callback(request, *callback_args, **callback_kwargs)
  File "C:\Users\fbc\Desktop\AI Orchestration Platform\backend\venv\Lib\site-packages\django\views\decorators\csrf.py", line 65, in _view_wrapper
    return view_func(request, *args, **kwargs)
  File "C:\Users\fbc\Desktop\AI Orchestration Platform\backend\venv\Lib\site-packages\django\views\generic\base.py", line 105, in view
    return self.dispatch(request, *args, **kwargs)
           ~~~~~~~~~~~~~^^^^^^^^^^^^^^^^^^^^^^^^^^
  File "C:\Users\fbc\Desktop\AI Orchestration Platform\backend\venv\Lib\site-packages\rest_framework\views.py", line 515, in dispatch
    response = self.handle_exception(exc)
  File "C:\Users\fbc\Desktop\AI Orchestration Platform\backend\venv\Lib\site-packages\rest_framework\views.py", line 475, in handle_exception
    self.raise_uncaught_exception(exc)
    ~~~~~~~~~~~~~~~~~~~~~~~~~~~~~^^^^^
  File "C:\Users\fbc\Desktop\AI Orchestration Platform\backend\venv\Lib\site-packages\rest_framework\views.py", line 486, in raise_uncaught_exception
    raise exc
  File "C:\Users\fbc\Desktop\AI Orchestration Platform\backend\venv\Lib\site-packages\rest_framework\views.py", line 503, in dispatch
    self.initial(request, *args, **kwargs)
    ~~~~~~~~~~~~^^^^^^^^^^^^^^^^^^^^^^^^^^
  File "C:\Users\fbc\Desktop\AI Orchestration Platform\backend\venv\Lib\site-packages\rest_framework\views.py", line 422, in initial
    self.check_throttles(request)
    ~~~~~~~~~~~~~~~~~~~~^^^^^^^^^
  File "C:\Users\fbc\Desktop\AI Orchestration Platform\backend\venv\Lib\site-packages\rest_framework\views.py", line 365, in check_throttles
    if not throttle.allow_request(request, self):
           ~~~~~~~~~~~~~~~~~~~~~~^^^^^^^^^^^^^^^
  File "C:\Users\fbc\Desktop\AI Orchestration Platform\backend\venv\Lib\site-packages\rest_framework\throttling.py", line 123, in allow_request
    self.history = self.cache.get(self.key, [])
                   ~~~~~~~~~~~~~~^^^^^^^^^^^^^^
  File "C:\Users\fbc\Desktop\AI Orchestration Platform\backend\venv\Lib\site-packages\django\core\cache\backends\redis.py", line 188, in get
    return self._cache.get(key, default)
           ~~~~~~~~~~~~~~~^^^^^^^^^^^^^^
  File "C:\Users\fbc\Desktop\AI Orchestration Platform\backend\venv\Lib\site-packages\django\core\cache\backends\redis.py", line 100, in get
    value = client.get(key)
  File "C:\Users\fbc\Desktop\AI Orchestration Platform\backend\venv\Lib\site-packages\redis\commands\core.py", line 1834, in get
    return self.execute_command("GET", name, keys=[name])
           ~~~~~~~~~~~~~~~~~~~~^^^^^^^^^^^^^^^^^^^^^^^^^^
  File "C:\Users\fbc\Desktop\AI Orchestration Platform\backend\venv\Lib\site-packages\redis\client.py", line 657, in execute_command
    return self._execute_command(*args, **options)
           ~~~~~~~~~~~~~~~~~~~~~^^^^^^^^^^^^^^^^^^
  File "C:\Users\fbc\Desktop\AI Orchestration Platform\backend\venv\Lib\site-packages\redis\client.py", line 663, in _execute_command
    conn = self.connection or pool.get_connection()
                              ~~~~~~~~~~~~~~~~~~~^^
  File "C:\Users\fbc\Desktop\AI Orchestration Platform\backend\venv\Lib\site-packages\redis\utils.py", line 196, in wrapper
    return func(*args, **kwargs)
  File "C:\Users\fbc\Desktop\AI Orchestration Platform\backend\venv\Lib\site-packages\redis\connection.py", line 2596, in get_connection
    connection = self.make_connection()
  File "C:\Users\fbc\Desktop\AI Orchestration Platform\backend\venv\Lib\site-packages\redis\connection.py", line 2646, in make_connection
    return self.connection_class(**kwargs)
           ~~~~~~~~~~~~~~~~~~~~~^^^^^^^^^^
  File "C:\Users\fbc\Desktop\AI Orchestration Platform\backend\venv\Lib\site-packages\redis\connection.py", line 1255, in __init__
    super().__init__(**kwargs)
    ~~~~~~~~~~~~~~~~^^^^^^^^^^
TypeError: AbstractConnection.__init__() got an unexpected keyword argument 'CLIENT_CLASS'
ERROR 2025-11-14 03:06:37,032 basehttp 9836 11744 "POST /api/token/ HTTP/1.1" 500 164246
ERROR 2025-11-14 03:06:37,291 log 9836 11744 Internal Server Error: /api/token/
Traceback (most recent call last):
  File "C:\Users\fbc\Desktop\AI Orchestration Platform\backend\venv\Lib\site-packages\redis\connection.py", line 2594, in get_connection
    connection = self._available_connections.pop()
IndexError: pop from empty list

During handling of the above exception, another exception occurred:

Traceback (most recent call last):
  File "C:\Users\fbc\Desktop\AI Orchestration Platform\backend\venv\Lib\site-packages\django\core\handlers\exception.py", line 55, in inner
    response = get_response(request)
  File "C:\Users\fbc\Desktop\AI Orchestration Platform\backend\venv\Lib\site-packages\django\core\handlers\base.py", line 197, in _get_response
    response = wrapped_callback(request, *callback_args, **callback_kwargs)
  File "C:\Users\fbc\Desktop\AI Orchestration Platform\backend\venv\Lib\site-packages\django\views\decorators\csrf.py", line 65, in _view_wrapper
    return view_func(request, *args, **kwargs)
  File "C:\Users\fbc\Desktop\AI Orchestration Platform\backend\venv\Lib\site-packages\django\views\generic\base.py", line 105, in view
    return self.dispatch(request, *args, **kwargs)
           ~~~~~~~~~~~~~^^^^^^^^^^^^^^^^^^^^^^^^^^
  File "C:\Users\fbc\Desktop\AI Orchestration Platform\backend\venv\Lib\site-packages\rest_framework\views.py", line 515, in dispatch
    response = self.handle_exception(exc)
  File "C:\Users\fbc\Desktop\AI Orchestration Platform\backend\venv\Lib\site-packages\rest_framework\views.py", line 475, in handle_exception
    self.raise_uncaught_exception(exc)
    ~~~~~~~~~~~~~~~~~~~~~~~~~~~~~^^^^^
  File "C:\Users\fbc\Desktop\AI Orchestration Platform\backend\venv\Lib\site-packages\rest_framework\views.py", line 486, in raise_uncaught_exception
    raise exc
  File "C:\Users\fbc\Desktop\AI Orchestration Platform\backend\venv\Lib\site-packages\rest_framework\views.py", line 503, in dispatch
    self.initial(request, *args, **kwargs)
    ~~~~~~~~~~~~^^^^^^^^^^^^^^^^^^^^^^^^^^
  File "C:\Users\fbc\Desktop\AI Orchestration Platform\backend\venv\Lib\site-packages\rest_framework\views.py", line 422, in initial
    self.check_throttles(request)
    ~~~~~~~~~~~~~~~~~~~~^^^^^^^^^
  File "C:\Users\fbc\Desktop\AI Orchestration Platform\backend\venv\Lib\site-packages\rest_framework\views.py", line 365, in check_throttles
    if not throttle.allow_request(request, self):
           ~~~~~~~~~~~~~~~~~~~~~~^^^^^^^^^^^^^^^
  File "C:\Users\fbc\Desktop\AI Orchestration Platform\backend\venv\Lib\site-packages\rest_framework\throttling.py", line 123, in allow_request
    self.history = self.cache.get(self.key, [])
                   ~~~~~~~~~~~~~~^^^^^^^^^^^^^^
  File "C:\Users\fbc\Desktop\AI Orchestration Platform\backend\venv\Lib\site-packages\django\core\cache\backends\redis.py", line 188, in get
    return self._cache.get(key, default)
           ~~~~~~~~~~~~~~~^^^^^^^^^^^^^^
  File "C:\Users\fbc\Desktop\AI Orchestration Platform\backend\venv\Lib\site-packages\django\core\cache\backends\redis.py", line 100, in get
    value = client.get(key)
  File "C:\Users\fbc\Desktop\AI Orchestration Platform\backend\venv\Lib\site-packages\redis\commands\core.py", line 1834, in get
    return self.execute_command("GET", name, keys=[name])
           ~~~~~~~~~~~~~~~~~~~~^^^^^^^^^^^^^^^^^^^^^^^^^^
  File "C:\Users\fbc\Desktop\AI Orchestration Platform\backend\venv\Lib\site-packages\redis\client.py", line 657, in execute_command
    return self._execute_command(*args, **options)
           ~~~~~~~~~~~~~~~~~~~~~^^^^^^^^^^^^^^^^^^
  File "C:\Users\fbc\Desktop\AI Orchestration Platform\backend\venv\Lib\site-packages\redis\client.py", line 663, in _execute_command
    conn = self.connection or pool.get_connection()
                              ~~~~~~~~~~~~~~~~~~~^^
  File "C:\Users\fbc\Desktop\AI Orchestration Platform\backend\venv\Lib\site-packages\redis\utils.py", line 196, in wrapper
    return func(*args, **kwargs)
  File "C:\Users\fbc\Desktop\AI Orchestration Platform\backend\venv\Lib\site-packages\redis\connection.py", line 2596, in get_connection
    connection = self.make_connection()
  File "C:\Users\fbc\Desktop\AI Orchestration Platform\backend\venv\Lib\site-packages\redis\connection.py", line 2646, in make_connection
    return self.connection_class(**kwargs)
           ~~~~~~~~~~~~~~~~~~~~~^^^^^^^^^^
  File "C:\Users\fbc\Desktop\AI Orchestration Platform\backend\venv\Lib\site-packages\redis\connection.py", line 1255, in __init__
    super().__init__(**kwargs)
    ~~~~~~~~~~~~~~~~^^^^^^^^^^
TypeError: AbstractConnection.__init__() got an unexpected keyword argument 'CLIENT_CLASS'
ERROR 2025-11-14 03:06:37,299 basehttp 9836 11744 "POST /api/token/ HTTP/1.1" 500 164246
INFO 2025-11-14 03:09:14,929 autoreload 9836 10272 C:\Users\fbc\Desktop\AI Orchestration Platform\backend\ai_platform\settings.py changed, reloading.
INFO 2025-11-14 03:09:15,202 autoreload 3320 12872 C:\Users\fbc\Desktop\AI Orchestration Platform\backend\ai_platform\settings.py changed, reloading.
INFO 2025-11-14 03:09:19,111 autoreload 12200 8092 Watching for file changes with StatReloader
INFO 2025-11-14 03:09:19,131 autoreload 9420 3496 Watching for file changes with StatReloader
INFO 2025-11-14 03:09:51,463 autoreload 12200 8092 C:\Users\fbc\Desktop\AI Orchestration Platform\backend\ai_platform\settings.py changed, reloading.
INFO 2025-11-14 03:09:51,604 autoreload 9420 3496 C:\Users\fbc\Desktop\AI Orchestration Platform\backend\ai_platform\settings.py changed, reloading.
INFO 2025-11-14 03:09:55,597 autoreload 11084 10560 Watching for file changes with StatReloader
INFO 2025-11-14 03:09:55,792 autoreload 3484 980 Watching for file changes with StatReloader
INFO 2025-11-14 03:10:19,680 autoreload 3484 980 C:\Users\fbc\Desktop\AI Orchestration Platform\backend\ai_platform\settings.py changed, reloading.
INFO 2025-11-14 03:10:19,701 autoreload 11084 10560 C:\Users\fbc\Desktop\AI Orchestration Platform\backend\ai_platform\settings.py changed, reloading.
INFO 2025-11-14 03:10:22,612 autoreload 4712 9420 Watching for file changes with StatReloader
INFO 2025-11-14 03:10:22,618 autoreload 3312 13236 Watching for file changes with StatReloader
INFO 2025-11-14 03:12:59,575 autoreload 9400 10876 Watching for file changes with StatReloader
WARNING 2025-11-14 03:13:43,441 basehttp 9400 5648 "POST /api/token/ HTTP/1.1" 401 63
INFO 2025-11-14 03:16:49,697 autoreload 9400 10876 C:\Users\fbc\Desktop\AI Orchestration Platform\backend\core\serializers.py changed, reloading.
INFO 2025-11-14 03:16:52,647 autoreload 12112 9568 Watching for file changes with StatReloader
INFO 2025-11-14 03:17:13,657 autoreload 12112 9568 C:\Users\fbc\Desktop\AI Orchestration Platform\backend\core\serializers.py changed, reloading.
INFO 2025-11-14 03:17:17,301 autoreload 6716 11652 Watching for file changes with StatReloader
INFO 2025-11-14 03:17:21,388 autoreload 6716 11652 C:\Users\fbc\Desktop\AI Orchestration Platform\backend\ai_platform\urls.py changed, reloading.
INFO 2025-11-14 03:17:23,632 autoreload 7276 3356 Watching for file changes with StatReloader
INFO 2025-11-14 03:17:29,055 autoreload 7276 3356 C:\Users\fbc\Desktop\AI Orchestration Platform\backend\ai_platform\urls.py changed, reloading.
INFO 2025-11-14 03:17:31,487 autoreload 11272 9736 Watching for file changes with StatReloader
INFO 2025-11-14 03:18:11,268 autoreload 11272 9736 C:\Users\fbc\Desktop\AI Orchestration Platform\backend\core\serializers.py changed, reloading.
INFO 2025-11-14 03:18:13,571 autoreload 4600 6716 Watching for file changes with StatReloader
INFO 2025-11-14 03:18:29,274 autoreload 4776 8364 Watching for file changes with StatReloader
WARNING 2025-11-14 03:18:56,911 basehttp 4776 11500 "POST /api/token/ HTTP/1.1" 400 76
INFO 2025-11-14 03:19:07,187 autoreload 4776 8364 C:\Users\fbc\Desktop\AI Orchestration Platform\backend\ai_platform\settings.py changed, reloading.
INFO 2025-11-14 03:19:12,046 autoreload 8380 2484 Watching for file changes with StatReloader
INFO 2025-11-14 03:20:00,167 basehttp 8380 1256 "POST /api/token/ HTTP/1.1" 200 598
INFO 2025-11-14 03:20:00,975 basehttp 8380 1256 "OPTIONS /api/profiles/ HTTP/1.1" 200 0
INFO 2025-11-14 03:20:02,039 basehttp 8380 1256 "GET /api/profiles/ HTTP/1.1" 200 255
INFO 2025-11-14 03:20:02,286 basehttp 8380 1256 "OPTIONS /api/test/ HTTP/1.1" 200 0
INFO 2025-11-14 03:20:03,324 basehttp 8380 1256 "GET /api/test/ HTTP/1.1" 200 233
INFO 2025-11-14 03:20:03,593 basehttp 8380 1256 "OPTIONS /api/token/verify/ HTTP/1.1" 200 0
INFO 2025-11-14 03:20:03,986 basehttp 8380 1256 "POST /api/token/verify/ HTTP/1.1" 200 2
INFO 2025-11-14 03:20:04,027 basehttp 8380 1256 "OPTIONS /api/projects/ HTTP/1.1" 200 0
INFO 2025-11-14 03:20:07,386 basehttp 8380 1256 "GET /api/projects/ HTTP/1.1" 200 598
INFO 2025-11-14 03:20:07,690 basehttp 8380 1256 "POST /api/token/verify/ HTTP/1.1" 200 2
INFO 2025-11-14 03:20:07,707 basehttp 8380 1256 "OPTIONS /api/jobs/ HTTP/1.1" 200 0
INFO 2025-11-14 03:20:11,945 basehttp 8380 1256 "GET /api/jobs/ HTTP/1.1" 200 2453
INFO 2025-11-14 03:20:12,207 basehttp 8380 1256 "POST /api/token/verify/ HTTP/1.1" 200 2
INFO 2025-11-14 03:20:12,235 basehttp 8380 1256 "OPTIONS /api/job-results/ HTTP/1.1" 200 0
INFO 2025-11-14 03:20:13,249 basehttp 8380 1256 "GET /api/job-results/ HTTP/1.1" 200 1738
INFO 2025-11-14 03:25:57,869 basehttp 8380 5064 "POST /api/token/verify/ HTTP/1.1" 200 2
INFO 2025-11-14 03:25:59,178 basehttp 8380 5064 "GET /api/test/ HTTP/1.1" 200 233
INFO 2025-11-14 03:25:59,455 basehttp 8380 5064 "POST /api/token/verify/ HTTP/1.1" 200 2
INFO 2025-11-14 03:26:00,909 basehttp 8380 5064 "GET /api/projects/ HTTP/1.1" 200 598
INFO 2025-11-14 03:26:01,161 basehttp 8380 5064 "POST /api/token/verify/ HTTP/1.1" 200 2
INFO 2025-11-14 03:26:05,161 basehttp 8380 5064 "GET /api/jobs/ HTTP/1.1" 200 2453
INFO 2025-11-14 03:26:05,413 basehttp 8380 5064 "POST /api/token/verify/ HTTP/1.1" 200 2
INFO 2025-11-14 03:26:06,418 basehttp 8380 5064 "GET /api/job-results/ HTTP/1.1" 200 1738
INFO 2025-11-14 03:27:39,761 basehttp 8380 10960 "POST /api/token/verify/ HTTP/1.1" 200 2
INFO 2025-11-14 03:28:01,516 basehttp 8380 5092 "POST /api/token/verify/ HTTP/1.1" 200 2
INFO 2025-11-14 03:29:09,157 basehttp 8380 11708 "POST /api/token/verify/ HTTP/1.1" 200 2
INFO 2025-11-14 03:29:10,394 basehttp 8380 11708 "GET /api/test/ HTTP/1.1" 200 233
INFO 2025-11-14 03:29:10,910 basehttp 8380 11708 "POST /api/token/verify/ HTTP/1.1" 200 2
INFO 2025-11-14 03:29:12,141 basehttp 8380 11708 "GET /api/projects/ HTTP/1.1" 200 598
INFO 2025-11-14 03:29:12,390 basehttp 8380 11708 "POST /api/token/verify/ HTTP/1.1" 200 2
INFO 2025-11-14 03:29:15,478 basehttp 8380 11708 "GET /api/jobs/ HTTP/1.1" 200 2453
INFO 2025-11-14 03:29:15,715 basehttp 8380 11708 "POST /api/token/verify/ HTTP/1.1" 200 2
INFO 2025-11-14 03:29:16,758 basehttp 8380 11708 "GET /api/job-results/ HTTP/1.1" 200 1738
INFO 2025-11-14 03:29:36,321 basehttp 8380 9976 "GET /api/test/ HTTP/1.1" 200 233
INFO 2025-11-14 03:29:36,569 basehttp 8380 9976 "POST /api/token/verify/ HTTP/1.1" 200 2
INFO 2025-11-14 03:29:37,763 basehttp 8380 9976 "GET /api/projects/ HTTP/1.1" 200 598
INFO 2025-11-14 03:29:38,017 basehttp 8380 9976 "POST /api/token/verify/ HTTP/1.1" 200 2
INFO 2025-11-14 03:29:40,774 basehttp 8380 6964 "POST /api/token/verify/ HTTP/1.1" 200 2
INFO 2025-11-14 03:29:40,962 basehttp 8380 9976 - Broken pipe from ('127.0.0.1', 59789)
INFO 2025-11-14 03:29:41,643 basehttp 8380 6964 "GET /api/test/ HTTP/1.1" 200 233
INFO 2025-11-14 03:29:41,897 basehttp 8380 6964 "POST /api/token/verify/ HTTP/1.1" 200 2
INFO 2025-11-14 03:29:43,191 basehttp 8380 6964 "GET /api/projects/ HTTP/1.1" 200 598
INFO 2025-11-14 03:29:43,461 basehttp 8380 6964 "POST /api/token/verify/ HTTP/1.1" 200 2
INFO 2025-11-14 03:29:46,521 basehttp 8380 6964 "GET /api/jobs/ HTTP/1.1" 200 2453
INFO 2025-11-14 03:29:46,832 basehttp 8380 6964 "POST /api/token/verify/ HTTP/1.1" 200 2
INFO 2025-11-14 03:29:47,913 basehttp 8380 6964 "GET /api/job-results/ HTTP/1.1" 200 1738
INFO 2025-11-14 03:36:50,862 autoreload 12640 10160 Watching for file changes with StatReloader
WARNING 2025-11-14 03:37:34,418 basehttp 12640 4464 "POST /api/token/ HTTP/1.1" 400 76
INFO 2025-11-14 03:38:02,937 basehttp 12640 4464 "POST /api/token/ HTTP/1.1" 200 598
INFO 2025-11-14 03:38:03,787 basehttp 12640 4464 "GET /api/test/ HTTP/1.1" 200 233
INFO 2025-11-14 03:38:04,104 basehttp 12640 4464 "POST /api/token/verify/ HTTP/1.1" 200 2
INFO 2025-11-14 03:38:05,431 basehttp 12640 4464 "GET /api/projects/ HTTP/1.1" 200 598
INFO 2025-11-14 03:38:05,678 basehttp 12640 4464 "POST /api/token/verify/ HTTP/1.1" 200 2
INFO 2025-11-14 03:38:08,738 basehttp 12640 4464 "GET /api/jobs/ HTTP/1.1" 200 2453
INFO 2025-11-14 03:38:08,992 basehttp 12640 4464 "POST /api/token/verify/ HTTP/1.1" 200 2
INFO 2025-11-14 03:38:09,983 basehttp 12640 4464 "GET /api/job-results/ HTTP/1.1" 200 1738
INFO 2025-11-14 03:39:30,451 basehttp 12640 6136 "GET /api/test/ HTTP/1.1" 200 233
INFO 2025-11-14 03:39:30,685 basehttp 12640 6136 "POST /api/token/verify/ HTTP/1.1" 200 2
INFO 2025-11-14 03:39:31,847 basehttp 12640 6136 "GET /api/projects/ HTTP/1.1" 200 598
INFO 2025-11-14 03:39:32,115 basehttp 12640 6136 "POST /api/token/verify/ HTTP/1.1" 200 2
INFO 2025-11-14 03:39:35,113 basehttp 12640 6136 "GET /api/jobs/ HTTP/1.1" 200 2453
INFO 2025-11-14 03:39:35,362 basehttp 12640 6136 "POST /api/token/verify/ HTTP/1.1" 200 2
INFO 2025-11-14 03:39:36,598 basehttp 12640 6136 "GET /api/job-results/ HTTP/1.1" 200 1738
WARNING 2025-11-14 05:09:37,995 basehttp 12640 7412 "POST /api/token/verify/ HTTP/1.1" 401 54
INFO 2025-11-14 05:09:38,010 basehttp 12640 7412 "OPTIONS /api/token/refresh/ HTTP/1.1" 200 0
INFO 2025-11-14 05:09:44,127 basehttp 12640 7412 "POST /api/token/refresh/ HTTP/1.1" 200 489
INFO 2025-11-14 05:09:45,065 basehttp 12640 7412 "GET /api/test/ HTTP/1.1" 200 233
INFO 2025-11-14 05:09:45,323 basehttp 12640 7412 "POST /api/token/verify/ HTTP/1.1" 200 2
INFO 2025-11-14 05:09:46,615 basehttp 12640 7412 "GET /api/projects/ HTTP/1.1" 200 598
INFO 2025-11-14 05:09:46,897 basehttp 12640 7412 "POST /api/token/verify/ HTTP/1.1" 200 2
INFO 2025-11-14 05:09:49,031 basehttp 12640 16344 "POST /api/token/verify/ HTTP/1.1" 200 2
INFO 2025-11-14 05:09:49,913 basehttp 12640 7412 "GET /api/jobs/ HTTP/1.1" 200 2453
INFO 2025-11-14 05:09:50,195 basehttp 12640 7412 "POST /api/token/verify/ HTTP/1.1" 200 2
INFO 2025-11-14 05:09:50,342 basehttp 12640 16344 "GET /api/projects/ HTTP/1.1" 200 598
INFO 2025-11-14 05:09:51,210 basehttp 12640 7412 "GET /api/job-results/ HTTP/1.1" 200 1738
INFO 2025-11-14 05:09:57,064 basehttp 12640 7412 "POST /api/token/verify/ HTTP/1.1" 200 2
INFO 2025-11-14 05:09:58,311 basehttp 12640 7412 "GET /api/projects/ HTTP/1.1" 200 598
INFO 2025-11-14 05:10:29,924 basehttp 12640 15980 "POST /api/token/verify/ HTTP/1.1" 200 2
WARNING 2025-11-14 05:10:30,647 basehttp 12640 15980 "POST /api/jobs/ HTTP/1.1" 400 45
INFO 2025-11-14 05:10:57,126 basehttp 12640 12156 "POST /api/token/verify/ HTTP/1.1" 200 2
INFO 2025-11-14 05:10:58,395 basehttp 12640 12156 "GET /api/projects/ HTTP/1.1" 200 598
INFO 2025-11-14 05:11:25,411 basehttp 12640 16124 "POST /api/token/verify/ HTTP/1.1" 200 2
WARNING 2025-11-14 05:11:26,170 basehttp 12640 16124 "POST /api/jobs/ HTTP/1.1" 400 45
INFO 2025-11-14 05:11:46,760 basehttp 12640 2820 "GET /api/test/ HTTP/1.1" 200 233
INFO 2025-11-14 05:11:47,001 basehttp 12640 2820 "POST /api/token/verify/ HTTP/1.1" 200 2
INFO 2025-11-14 05:11:48,265 basehttp 12640 2820 "GET /api/projects/ HTTP/1.1" 200 598
INFO 2025-11-14 05:11:48,546 basehttp 12640 2820 "POST /api/token/verify/ HTTP/1.1" 200 2
INFO 2025-11-14 05:11:51,454 basehttp 12640 2820 "GET /api/jobs/ HTTP/1.1" 200 2453
INFO 2025-11-14 05:11:51,704 basehttp 12640 2820 "POST /api/token/verify/ HTTP/1.1" 200 2
INFO 2025-11-14 05:11:52,655 basehttp 12640 2820 "GET /api/job-results/ HTTP/1.1" 200 1738
INFO 2025-11-14 05:13:41,447 autoreload 12640 10160 C:\Users\fbc\Desktop\AI Orchestration Platform\backend\core\models.py changed, reloading.
INFO 2025-11-14 05:13:44,884 autoreload 15748 12592 Watching for file changes with StatReloader
INFO 2025-11-14 05:13:50,670 autoreload 15748 12592 C:\Users\fbc\Desktop\AI Orchestration Platform\backend\core\serializers.py changed, reloading.
INFO 2025-11-14 05:13:53,708 autoreload 4016 8584 Watching for file changes with StatReloader
INFO 2025-11-14 05:15:41,840 autoreload 4016 8584 C:\Users\fbc\Desktop\AI Orchestration Platform\backend\core\models.py changed, reloading.
INFO 2025-11-14 05:15:44,750 autoreload 7660 1156 Watching for file changes with StatReloader
INFO 2025-11-14 05:22:36,553 autoreload 9560 15364 Watching for file changes with StatReloader
INFO 2025-11-14 05:23:01,970 basehttp 9560 9140 "OPTIONS /api/token/ HTTP/1.1" 200 0
WARNING 2025-11-14 05:23:04,565 basehttp 9560 9140 "POST /api/token/ HTTP/1.1" 400 76
WARNING 2025-11-14 05:23:19,124 basehttp 9560 14672 "POST /api/token/ HTTP/1.1" 400 76
INFO 2025-11-14 05:25:25,135 basehttp 9560 3476 "POST /api/token/ HTTP/1.1" 200 598
INFO 2025-11-14 05:25:25,287 basehttp 9560 3476 "OPTIONS /api/test/ HTTP/1.1" 200 0
INFO 2025-11-14 05:25:26,144 basehttp 9560 3476 "GET /api/test/ HTTP/1.1" 200 233
INFO 2025-11-14 05:25:26,151 basehttp 9560 3476 "OPTIONS /api/token/verify/ HTTP/1.1" 200 0
INFO 2025-11-14 05:25:26,583 basehttp 9560 3476 "POST /api/token/verify/ HTTP/1.1" 200 2
INFO 2025-11-14 05:25:26,587 basehttp 9560 3476 "OPTIONS /api/projects/ HTTP/1.1" 200 0
INFO 2025-11-14 05:25:27,842 basehttp 9560 3476 "GET /api/projects/ HTTP/1.1" 200 598
INFO 2025-11-14 05:25:28,086 basehttp 9560 3476 "POST /api/token/verify/ HTTP/1.1" 200 2
INFO 2025-11-14 05:25:28,092 basehttp 9560 3476 "OPTIONS /api/jobs/ HTTP/1.1" 200 0
INFO 2025-11-14 05:25:31,163 basehttp 9560 3476 "GET /api/jobs/ HTTP/1.1" 200 2523
INFO 2025-11-14 05:25:31,869 basehttp 9560 3476 "POST /api/token/verify/ HTTP/1.1" 200 2
INFO 2025-11-14 05:25:33,614 basehttp 9560 3476 "OPTIONS /api/job-results/ HTTP/1.1" 200 0
INFO 2025-11-14 05:25:34,587 basehttp 9560 3476 "GET /api/job-results/ HTTP/1.1" 200 1738
INFO 2025-11-14 05:28:44,118 basehttp 9560 3568 "POST /api/token/verify/ HTTP/1.1" 200 2
INFO 2025-11-14 05:28:45,321 basehttp 9560 3568 "GET /api/projects/ HTTP/1.1" 200 598
INFO 2025-11-14 05:28:48,317 basehttp 9560 3568 "POST /api/token/verify/ HTTP/1.1" 200 2
INFO 2025-11-14 05:28:49,936 basehttp 9560 3568 "GET /api/projects/ HTTP/1.1" 200 598
INFO 2025-11-14 05:28:51,402 basehttp 9560 5156 "POST /api/token/verify/ HTTP/1.1" 200 2
INFO 2025-11-14 05:28:52,252 basehttp 9560 3568 "POST /api/token/verify/ HTTP/1.1" 200 2
INFO 2025-11-14 05:28:52,623 basehttp 9560 5156 "GET /api/projects/ HTTP/1.1" 200 598
INFO 2025-11-14 05:28:53,866 basehttp 9560 5156 "GET /api/projects/ HTTP/1.1" 200 598
INFO 2025-11-14 05:28:55,562 basehttp 9560 5156 "POST /api/token/verify/ HTTP/1.1" 200 2
INFO 2025-11-14 05:28:56,823 basehttp 9560 5156 "GET /api/projects/ HTTP/1.1" 200 598
INFO 2025-11-14 05:29:11,823 basehttp 9560 14688 "POST /api/token/verify/ HTTP/1.1" 200 2
WARNING 2025-11-14 05:29:12,589 basehttp 9560 14688 "POST /api/jobs/ HTTP/1.1" 400 45
INFO 2025-11-14 05:31:59,775 basehttp 9560 10800 "GET /api/test/ HTTP/1.1" 200 233
WARNING 2025-11-14 05:31:59,781 basehttp 9560 10800 "GET /api/projects/ HTTP/1.1" 401 58
INFO 2025-11-14 05:32:35,824 basehttp 9560 4176 "POST /api/token/ HTTP/1.1" 200 598
INFO 2025-11-14 05:32:36,697 basehttp 9560 4176 "GET /api/test/ HTTP/1.1" 200 233
INFO 2025-11-14 05:32:37,010 basehttp 9560 4176 "POST /api/token/verify/ HTTP/1.1" 200 2
INFO 2025-11-14 05:32:38,415 basehttp 9560 4176 "GET /api/projects/ HTTP/1.1" 200 598
INFO 2025-11-14 05:32:38,660 basehttp 9560 4176 "POST /api/token/verify/ HTTP/1.1" 200 2
INFO 2025-11-14 05:32:42,138 basehttp 9560 4176 "GET /api/jobs/ HTTP/1.1" 200 2523
INFO 2025-11-14 05:32:42,391 basehttp 9560 4176 "POST /api/token/verify/ HTTP/1.1" 200 2
INFO 2025-11-14 05:32:43,398 basehttp 9560 4176 "GET /api/job-results/ HTTP/1.1" 200 1738
INFO 2025-11-14 05:32:58,567 basehttp 9560 8880 "POST /api/token/verify/ HTTP/1.1" 200 2
INFO 2025-11-14 05:32:59,752 basehttp 9560 8880 "GET /api/projects/ HTTP/1.1" 200 598
INFO 2025-11-14 05:33:01,533 basehttp 9560 9424 "POST /api/token/verify/ HTTP/1.1" 200 2
INFO 2025-11-14 05:33:03,228 basehttp 9560 9424 "GET /api/projects/ HTTP/1.1" 200 598
INFO 2025-11-14 05:33:04,900 basehttp 9560 9424 "POST /api/token/verify/ HTTP/1.1" 200 2
INFO 2025-11-14 05:33:06,096 basehttp 9560 9424 "GET /api/projects/ HTTP/1.1" 200 598
INFO 2025-11-14 05:33:08,546 basehttp 9560 9424 "POST /api/token/verify/ HTTP/1.1" 200 2
INFO 2025-11-14 05:33:10,034 basehttp 9560 9424 "GET /api/projects/ HTTP/1.1" 200 598
INFO 2025-11-14 05:33:11,556 basehttp 9560 9424 "POST /api/token/verify/ HTTP/1.1" 200 2
INFO 2025-11-14 05:33:12,806 basehttp 9560 9424 "GET /api/projects/ HTTP/1.1" 200 598
INFO 2025-11-14 05:33:30,018 basehttp 9560 9204 "POST /api/token/verify/ HTTP/1.1" 200 2
INFO 2025-11-14 05:33:30,023 basehttp 9560 9204 "OPTIONS /api/profiles/ HTTP/1.1" 200 0
INFO 2025-11-14 05:33:31,017 basehttp 9560 9204 "GET /api/profiles/ HTTP/1.1" 200 255
INFO 2025-11-14 05:33:31,318 basehttp 9560 9204 "POST /api/token/verify/ HTTP/1.1" 200 2
INFO 2025-11-14 05:33:31,329 basehttp 9560 9204 "OPTIONS /api/settings/ HTTP/1.1" 200 0
INFO 2025-11-14 05:33:32,357 basehttp 9560 9204 "GET /api/settings/ HTTP/1.1" 200 1237
INFO 2025-11-14 05:33:36,842 basehttp 9560 9204 "POST /api/token/verify/ HTTP/1.1" 200 2
INFO 2025-11-14 05:33:36,849 basehttp 9560 9204 "OPTIONS /api/profiles/1/ HTTP/1.1" 200 0
INFO 2025-11-14 05:33:37,830 basehttp 9560 9204 "PATCH /api/profiles/1/ HTTP/1.1" 200 203
